GROUP,PACKAGE,CLASS,INSTRUCTION_MISSED,INSTRUCTION_COVERED,BRANCH_MISSED,BRANCH_COVERED,LINE_MISSED,LINE_COVERED,COMPLEXITY_MISSED,COMPLEXITY_COVERED,METHOD_MISSED,METHOD_COVERED
Prototype,com.meli,PrototypeApplication,12,0,0,0,4,0,3,0,3,0
Prototype,com.meli.dto,BuyRequestDTO,19,0,0,0,8,0,4,0,4,0
Prototype,com.meli.model,Seller,35,0,0,0,12,0,6,0,6,0
Prototype,com.meli.model,Consumer,24,0,0,0,7,0,4,0,4,0
Prototype,com.meli.model,Product,52,0,0,0,15,0,15,0,15,0
Prototype,com.meli.model,User,38,0,0,0,16,0,11,0,11,0
Prototype,com.meli.controller,ProductController,84,0,4,0,25,0,9,0,7,0
Prototype,com.meli.service,ProductService,213,0,16,0,52,0,19,0,11,0
